<?xml version="1.0" encoding="UTF-8"?>
<TestRun id="03928548-0fbc-4bab-bba0-c5ba89c70adc" name="joe@AGH 2011-12-30 11:54:55" runUser="AGH\joe" xmlns="http://microsoft.com/schemas/VisualStudio/TeamTest/2010">
  <TestSettings name="Local" id="36fc17b3-80bb-4bac-91c8-b1d061f2206f">
    <Description>These are default test settings for a local test run.</Description>
    <Deployment enabled="false" runDeploymentRoot="joe_AGH 2011-12-30 11_54_55">
      <DeploymentItem filename="C:\Users\joe\Documents\Visual Studio 2010\Projects\KPFF\KPFF.Business\bin\Debug\KPFF.Business.dll" />
      <DeploymentItem filename="C:\Users\joe\Documents\Visual Studio 2010\Projects\KPFF\KPFF.Entities\bin\Debug\KPFF.Entities.dll" />
    </Deployment>
    <Execution>
      <TestTypeSpecific />
      <AgentRule name="Execution Agents">
      </AgentRule>
    </Execution>
  </TestSettings>
  <Times creation="2011-12-30T11:54:55.5791145-08:00" queuing="2011-12-30T11:54:55.6711197-08:00" start="2011-12-30T11:54:55.7021215-08:00" finish="2011-12-30T11:54:56.2581533-08:00" />
  <ResultSummary outcome="Failed">
    <Counters total="1" executed="1" error="0" failed="1" timeout="0" aborted="0" inconclusive="0" passedButRunAborted="0" notRunnable="0" notExecuted="0" disconnected="0" warning="0" passed="0" completed="0" inProgress="0" pending="0" />
  </ResultSummary>
  <TestDefinitions>
    <UnitTest name="GetEmployeeProjects" storage="c:\users\joe\documents\visual studio 2010\projects\kpff\kpff.test\bin\debug\kpff.test.dll" id="88f138eb-f654-809e-0d61-8a9dbc314e8c">
      <Execution id="5e456869-ed9c-4aad-bf43-58871d0f62b0" />
      <TestMethod codeBase="C:/Users/joe/Documents/Visual Studio 2010/Projects/KPFF/KPFF.Test/bin/Debug/KPFF.Test.DLL" adapterTypeName="Microsoft.VisualStudio.TestTools.TestTypes.Unit.UnitTestAdapter, Microsoft.VisualStudio.QualityTools.Tips.UnitTest.Adapter, Version=10.0.0.0, Culture=neutral, PublicKeyToken=b03f5f7f11d50a3a" className="KPFF.Test.Employee, KPFF.Test, Version=1.0.0.0, Culture=neutral, PublicKeyToken=null" name="GetEmployeeProjects" />
    </UnitTest>
  </TestDefinitions>
  <TestLists>
    <TestList name="Results Not in a List" id="8c84fa94-04c1-424b-9868-57a2d4851a1d" />
    <TestList name="All Loaded Results" id="19431567-8539-422a-85d7-44ee4e166bda" />
  </TestLists>
  <TestEntries>
    <TestEntry testId="88f138eb-f654-809e-0d61-8a9dbc314e8c" executionId="5e456869-ed9c-4aad-bf43-58871d0f62b0" testListId="8c84fa94-04c1-424b-9868-57a2d4851a1d" />
  </TestEntries>
  <Results>
    <UnitTestResult executionId="5e456869-ed9c-4aad-bf43-58871d0f62b0" testId="88f138eb-f654-809e-0d61-8a9dbc314e8c" testName="GetEmployeeProjects" computerName="AGH" duration="00:00:00.2183992" startTime="2011-12-30T11:54:55.7191225-08:00" endTime="2011-12-30T11:54:56.2281516-08:00" testType="13cdc9d9-ddb5-4fa4-a97d-d965ccfc6d4b" outcome="Failed" testListId="8c84fa94-04c1-424b-9868-57a2d4851a1d" relativeResultsDirectory="5e456869-ed9c-4aad-bf43-58871d0f62b0">
      <Output>
        <ErrorInfo>
          <Message>Test method KPFF.Test.Employee.GetEmployeeProjects threw exception: 
System.InvalidOperationException: Invalid attempt to read when no data is present.</Message>
          <StackTrace>    at System.Data.SqlClient.SqlDataReader.GetValue(Int32 i)
   at System.Data.SqlClient.SqlDataReader.get_Item(String name)
   at KPFF.Data.ExtensionMethods.GetValue[T](SqlDataReader reader, String name) in C:\Users\joe\Documents\Visual Studio 2010\Projects\KPFF\KPFF.Data\ExtensionMethods.cs:line 13
   at KPFF.Data.ExtensionMethods.TryGetValue[T](SqlDataReader reader, String name, T&amp; output) in C:\Users\joe\Documents\Visual Studio 2010\Projects\KPFF\KPFF.Data\ExtensionMethods.cs:line 47
   at KPFF.Data.ExtensionMethods.GetValueOrDefault[T](SqlDataReader reader, String name) in C:\Users\joe\Documents\Visual Studio 2010\Projects\KPFF\KPFF.Data\ExtensionMethods.cs:line 20
   at KPFF.Data.ProjectData.GetProjectsByEmployeeID(Int32 employeeID) in C:\Users\joe\Documents\Visual Studio 2010\Projects\KPFF\KPFF.Data\NewEntities\ProjectData.cs:line 29
   at KPFF.Business.Employee.GetEmployeeProjects(Int32 employeeId) in C:\Users\joe\Documents\Visual Studio 2010\Projects\KPFF\KPFF.Business\Employee.cs:line 18
   at KPFF.Test.Employee.GetEmployeeProjects() in C:\Users\joe\Documents\Visual Studio 2010\Projects\KPFF\KPFF.Test\Employee.cs:line 22
</StackTrace>
        </ErrorInfo>
      </Output>
    </UnitTestResult>
  </Results>
</TestRun>