<?xml version="1.0" encoding="UTF-8"?>
<TestRun id="7f4202f7-0b1d-4205-9846-3f32bb8a8c42" name="joe@AGH 2011-12-30 11:15:58" runUser="AGH\joe" xmlns="http://microsoft.com/schemas/VisualStudio/TeamTest/2010">
  <TestSettings name="Local" id="36fc17b3-80bb-4bac-91c8-b1d061f2206f">
    <Description>These are default test settings for a local test run.</Description>
    <Deployment enabled="false" runDeploymentRoot="joe_AGH 2011-12-30 11_15_58">
      <DeploymentItem filename="C:\Users\joe\Documents\Visual Studio 2010\Projects\KPFF\KPFF.Business\bin\Debug\KPFF.Business.dll" />
      <DeploymentItem filename="C:\Users\joe\Documents\Visual Studio 2010\Projects\KPFF\KPFF.Entities\bin\Debug\KPFF.Entities.dll" />
    </Deployment>
    <Execution>
      <TestTypeSpecific />
      <AgentRule name="Execution Agents">
      </AgentRule>
    </Execution>
  </TestSettings>
  <Times creation="2011-12-30T11:15:58.5064416-08:00" queuing="2011-12-30T11:15:58.9594675-08:00" start="2011-12-30T11:15:59.0874748-08:00" finish="2011-12-30T11:16:01.2685995-08:00" />
  <ResultSummary outcome="Failed">
    <Counters total="1" executed="1" error="0" failed="1" timeout="0" aborted="0" inconclusive="0" passedButRunAborted="0" notRunnable="0" notExecuted="0" disconnected="0" warning="0" passed="0" completed="0" inProgress="0" pending="0" />
  </ResultSummary>
  <TestDefinitions>
    <UnitTest name="GetMark" storage="c:\users\joe\documents\visual studio 2010\projects\kpff\kpff.test\bin\debug\kpff.test.dll" id="ebb2877a-50b5-c812-3d8d-68e540813314">
      <Execution id="4b19c71a-33b4-4b9f-8511-febc878e63e1" />
      <TestMethod codeBase="C:/Users/joe/Documents/Visual Studio 2010/Projects/KPFF/KPFF.Test/bin/Debug/KPFF.Test.DLL" adapterTypeName="Microsoft.VisualStudio.TestTools.TestTypes.Unit.UnitTestAdapter, Microsoft.VisualStudio.QualityTools.Tips.UnitTest.Adapter, Version=10.0.0.0, Culture=neutral, PublicKeyToken=b03f5f7f11d50a3a" className="KPFF.Test.Employee, KPFF.Test, Version=1.0.0.0, Culture=neutral, PublicKeyToken=null" name="GetMark" />
    </UnitTest>
  </TestDefinitions>
  <TestLists>
    <TestList name="Results Not in a List" id="8c84fa94-04c1-424b-9868-57a2d4851a1d" />
    <TestList name="All Loaded Results" id="19431567-8539-422a-85d7-44ee4e166bda" />
  </TestLists>
  <TestEntries>
    <TestEntry testId="ebb2877a-50b5-c812-3d8d-68e540813314" executionId="4b19c71a-33b4-4b9f-8511-febc878e63e1" testListId="8c84fa94-04c1-424b-9868-57a2d4851a1d" />
  </TestEntries>
  <Results>
    <UnitTestResult executionId="4b19c71a-33b4-4b9f-8511-febc878e63e1" testId="ebb2877a-50b5-c812-3d8d-68e540813314" testName="GetMark" computerName="AGH" duration="00:00:00.2556281" startTime="2011-12-30T11:15:59.1164764-08:00" endTime="2011-12-30T11:15:59.7235112-08:00" testType="13cdc9d9-ddb5-4fa4-a97d-d965ccfc6d4b" outcome="Failed" testListId="8c84fa94-04c1-424b-9868-57a2d4851a1d" relativeResultsDirectory="4b19c71a-33b4-4b9f-8511-febc878e63e1">
      <Output>
        <ErrorInfo>
          <Message>Assert.AreEqual failed. Expected:&lt;Mark&gt;. Actual:&lt;Mark (3360)&gt;. </Message>
          <StackTrace>   at KPFF.Test.Employee.GetMark() in C:\Users\joe\Documents\Visual Studio 2010\Projects\KPFF\KPFF.Test\Employee.cs:line 16
</StackTrace>
        </ErrorInfo>
      </Output>
    </UnitTestResult>
  </Results>
</TestRun>