<?xml version="1.0" encoding="UTF-8"?>
<TestRun id="3e8373c8-04ba-4255-8696-c23c779ac559" name="joe@AGH 2011-12-30 10:27:48" runUser="AGH\joe" xmlns="http://microsoft.com/schemas/VisualStudio/TeamTest/2010">
  <TestSettings name="Local" id="36fc17b3-80bb-4bac-91c8-b1d061f2206f">
    <Description>These are default test settings for a local test run.</Description>
    <Deployment enabled="false" runDeploymentRoot="joe_AGH 2011-12-30 10_27_48">
      <DeploymentItem filename="C:\Users\joe\Documents\Visual Studio 2010\Projects\KPFF\KPFF.Business\bin\Debug\KPFF.Business.dll" />
      <DeploymentItem filename="C:\Users\joe\Documents\Visual Studio 2010\Projects\KPFF\KPFF.Entities\bin\Debug\KPFF.Entities.dll" />
    </Deployment>
    <Execution>
      <TestTypeSpecific />
      <AgentRule name="Execution Agents">
      </AgentRule>
    </Execution>
  </TestSettings>
  <Times creation="2011-12-30T10:27:48.6151492-08:00" queuing="2011-12-30T10:27:50.1452367-08:00" start="2011-12-30T10:27:50.3172466-08:00" finish="2011-12-30T10:28:04.4900572-08:00" />
  <ResultSummary outcome="Error">
    <Counters total="1" executed="1" error="0" failed="0" timeout="0" aborted="1" inconclusive="0" passedButRunAborted="0" notRunnable="0" notExecuted="0" disconnected="0" warning="0" passed="0" completed="0" inProgress="0" pending="0" />
    <RunInfos>
      <RunInfo computerName="AGH" outcome="Error" timestamp="2011-12-30T10:28:04.4780565-08:00">
        <Text>Test host process exited unexpectedly.</Text>
      </RunInfo>
    </RunInfos>
  </ResultSummary>
  <TestDefinitions>
    <UnitTest name="GetWeekData" storage="c:\users\joe\documents\visual studio 2010\projects\kpff\kpff.test\bin\debug\kpff.test.dll" id="cd0b3f68-b021-bee6-74b7-ddfc323d9ea3">
      <Execution id="171299fc-cad4-4451-a766-546b62693425" />
      <TestMethod codeBase="C:/Users/joe/Documents/Visual Studio 2010/Projects/KPFF/KPFF.Test/bin/Debug/KPFF.Test.DLL" adapterTypeName="Microsoft.VisualStudio.TestTools.TestTypes.Unit.UnitTestAdapter, Microsoft.VisualStudio.QualityTools.Tips.UnitTest.Adapter, Version=10.0.0.0, Culture=neutral, PublicKeyToken=b03f5f7f11d50a3a" className="KPFF.Test.Week, KPFF.Test, Version=1.0.0.0, Culture=neutral, PublicKeyToken=null" name="GetWeekData" />
    </UnitTest>
  </TestDefinitions>
  <TestLists>
    <TestList name="Results Not in a List" id="8c84fa94-04c1-424b-9868-57a2d4851a1d" />
    <TestList name="All Loaded Results" id="19431567-8539-422a-85d7-44ee4e166bda" />
  </TestLists>
  <TestEntries>
    <TestEntry testId="cd0b3f68-b021-bee6-74b7-ddfc323d9ea3" executionId="171299fc-cad4-4451-a766-546b62693425" testListId="8c84fa94-04c1-424b-9868-57a2d4851a1d" />
  </TestEntries>
  <Results>
    <UnitTestResult executionId="171299fc-cad4-4451-a766-546b62693425" testId="cd0b3f68-b021-bee6-74b7-ddfc323d9ea3" testName="GetWeekData" computerName="AGH" duration="00:00:14.0188018" startTime="2011-12-30T10:27:50.4712554-08:00" endTime="2011-12-30T10:28:04.4900572-08:00" testType="13cdc9d9-ddb5-4fa4-a97d-d965ccfc6d4b" outcome="Aborted" testListId="8c84fa94-04c1-424b-9868-57a2d4851a1d" relativeResultsDirectory="171299fc-cad4-4451-a766-546b62693425">
    </UnitTestResult>
  </Results>
</TestRun>