<?xml version="1.0" encoding="UTF-8"?>
<TestRun id="92ef45c1-b87b-42ff-bb47-4ace9b4f57be" name="joe@AGH 2011-12-30 11:13:27" runUser="AGH\joe" xmlns="http://microsoft.com/schemas/VisualStudio/TeamTest/2010">
  <TestSettings name="Local" id="36fc17b3-80bb-4bac-91c8-b1d061f2206f">
    <Description>These are default test settings for a local test run.</Description>
    <Deployment enabled="false" runDeploymentRoot="joe_AGH 2011-12-30 11_13_27">
      <DeploymentItem filename="C:\Users\joe\Documents\Visual Studio 2010\Projects\KPFF\KPFF.Business\bin\Debug\KPFF.Business.dll" />
      <DeploymentItem filename="C:\Users\joe\Documents\Visual Studio 2010\Projects\KPFF\KPFF.Entities\bin\Debug\KPFF.Entities.dll" />
    </Deployment>
    <Execution>
      <TestTypeSpecific />
      <AgentRule name="Execution Agents">
      </AgentRule>
    </Execution>
  </TestSettings>
  <Times creation="2011-12-30T11:13:27.5348065-08:00" queuing="2011-12-30T11:13:28.2438470-08:00" start="2011-12-30T11:13:28.3158511-08:00" finish="2011-12-30T11:13:31.4180286-08:00" />
  <ResultSummary outcome="Failed">
    <Counters total="1" executed="1" error="0" failed="1" timeout="0" aborted="0" inconclusive="0" passedButRunAborted="0" notRunnable="0" notExecuted="0" disconnected="0" warning="0" passed="0" completed="0" inProgress="0" pending="0" />
  </ResultSummary>
  <TestDefinitions>
    <UnitTest name="GetMark" storage="c:\users\joe\documents\visual studio 2010\projects\kpff\kpff.test\bin\debug\kpff.test.dll" id="ebb2877a-50b5-c812-3d8d-68e540813314">
      <Execution id="65192c2c-3d57-46a6-a1c2-672badd39b9d" />
      <TestMethod codeBase="C:/Users/joe/Documents/Visual Studio 2010/Projects/KPFF/KPFF.Test/bin/Debug/KPFF.Test.DLL" adapterTypeName="Microsoft.VisualStudio.TestTools.TestTypes.Unit.UnitTestAdapter, Microsoft.VisualStudio.QualityTools.Tips.UnitTest.Adapter, Version=10.0.0.0, Culture=neutral, PublicKeyToken=b03f5f7f11d50a3a" className="KPFF.Test.Employee, KPFF.Test, Version=1.0.0.0, Culture=neutral, PublicKeyToken=null" name="GetMark" />
    </UnitTest>
  </TestDefinitions>
  <TestLists>
    <TestList name="Results Not in a List" id="8c84fa94-04c1-424b-9868-57a2d4851a1d" />
    <TestList name="All Loaded Results" id="19431567-8539-422a-85d7-44ee4e166bda" />
  </TestLists>
  <TestEntries>
    <TestEntry testId="ebb2877a-50b5-c812-3d8d-68e540813314" executionId="65192c2c-3d57-46a6-a1c2-672badd39b9d" testListId="8c84fa94-04c1-424b-9868-57a2d4851a1d" />
  </TestEntries>
  <Results>
    <UnitTestResult executionId="65192c2c-3d57-46a6-a1c2-672badd39b9d" testId="ebb2877a-50b5-c812-3d8d-68e540813314" testName="GetMark" computerName="AGH" duration="00:00:00.6433730" startTime="2011-12-30T11:13:28.3548534-08:00" endTime="2011-12-30T11:13:29.3599109-08:00" testType="13cdc9d9-ddb5-4fa4-a97d-d965ccfc6d4b" outcome="Failed" testListId="8c84fa94-04c1-424b-9868-57a2d4851a1d" relativeResultsDirectory="65192c2c-3d57-46a6-a1c2-672badd39b9d">
      <Output>
        <ErrorInfo>
          <Message>Test method KPFF.Test.Employee.GetMark threw exception: 
System.Data.SqlClient.SqlException: Procedure or function 'sp_GetEmployeeByID' expects parameter '@EmployeeID', which was not supplied.</Message>
          <StackTrace>    at System.Data.SqlClient.SqlConnection.OnError(SqlException exception, Boolean breakConnection)
   at System.Data.SqlClient.SqlInternalConnection.OnError(SqlException exception, Boolean breakConnection)
   at System.Data.SqlClient.TdsParser.ThrowExceptionAndWarning()
   at System.Data.SqlClient.TdsParser.Run(RunBehavior runBehavior, SqlCommand cmdHandler, SqlDataReader dataStream, BulkCopySimpleResultSet bulkCopyHandler, TdsParserStateObject stateObj)
   at System.Data.SqlClient.SqlDataReader.ConsumeMetaData()
   at System.Data.SqlClient.SqlDataReader.get_MetaData()
   at System.Data.SqlClient.SqlCommand.FinishExecuteReader(SqlDataReader ds, RunBehavior runBehavior, String resetOptionsString)
   at System.Data.SqlClient.SqlCommand.RunExecuteReaderTds(CommandBehavior cmdBehavior, RunBehavior runBehavior, Boolean returnStream, Boolean async)
   at System.Data.SqlClient.SqlCommand.RunExecuteReader(CommandBehavior cmdBehavior, RunBehavior runBehavior, Boolean returnStream, String method, DbAsyncResult result)
   at System.Data.SqlClient.SqlCommand.RunExecuteReader(CommandBehavior cmdBehavior, RunBehavior runBehavior, Boolean returnStream, String method)
   at System.Data.SqlClient.SqlCommand.ExecuteReader(CommandBehavior behavior, String method)
   at System.Data.SqlClient.SqlCommand.ExecuteReader()
   at KPFF.Data.DataBase.ExecuteReader() in C:\Users\joe\Documents\Visual Studio 2010\Projects\KPFF\KPFF.Data\NewEntities\DataBase.cs:line 32
   at KPFF.Data.EmployeeData.GetById(Int32 employeeId) in C:\Users\joe\Documents\Visual Studio 2010\Projects\KPFF\KPFF.Data\NewEntities\EmployeeData.cs:line 17
   at KPFF.Business.Employee.GetByEmployeeId(Int32 employeeId) in C:\Users\joe\Documents\Visual Studio 2010\Projects\KPFF\KPFF.Business\Employee.cs:line 13
   at KPFF.Test.Employee.GetMark() in C:\Users\joe\Documents\Visual Studio 2010\Projects\KPFF\KPFF.Test\Employee.cs:line 15
</StackTrace>
        </ErrorInfo>
      </Output>
    </UnitTestResult>
  </Results>
</TestRun>