<?xml version="1.0" encoding="UTF-8"?>
<TestRun id="2383e19c-e6b4-4244-ab51-ca6a13187986" name="joe@AGH 2012-01-29 10:00:50" runUser="AGH\joe" xmlns="http://microsoft.com/schemas/VisualStudio/TeamTest/2010">
  <TestSettings name="Local" id="e0f90ab9-fee6-4fc8-a9ad-cd5e0507f10d">
    <Description>These are default test settings for a local test run.</Description>
    <Deployment enabled="false" runDeploymentRoot="joe_AGH 2012-01-29 10_00_50">
      <DeploymentItem filename="C:\Users\joe\Documents\Visual Studio 2010\Projects\KPFF_C#\KPFF_Csharp_Converted\KPFF.Web\bin\KPFF.PMP.dll" />
    </Deployment>
    <Execution>
      <TestTypeSpecific />
      <AgentRule name="Execution Agents">
      </AgentRule>
    </Execution>
  </TestSettings>
  <Times creation="2012-01-29T10:00:50.5385496-08:00" queuing="2012-01-29T10:00:54.6527849-08:00" start="2012-01-29T10:00:54.9168000-08:00" finish="2012-01-29T10:01:26.9396316-08:00" />
  <ResultSummary outcome="Error">
    <Counters total="1" executed="1" error="0" failed="0" timeout="0" aborted="1" inconclusive="0" passedButRunAborted="0" notRunnable="0" notExecuted="0" disconnected="0" warning="0" passed="0" completed="0" inProgress="0" pending="0" />
    <RunInfos>
      <RunInfo computerName="AGH" outcome="Error" timestamp="2012-01-29T10:01:26.9376315-08:00">
        <Text>Test host process exited unexpectedly.</Text>
      </RunInfo>
    </RunInfos>
  </ResultSummary>
  <TestDefinitions>
    <UnitTest name="InsertGroup" storage="c:\users\joe\documents\visual studio 2010\projects\kpff_c#\kpff_csharp_converted\pmp.test\bin\debug\pmp.test.dll" id="93c942fd-2974-8c40-d1e0-4fcd4c20db1b">
      <Execution id="c1b001dc-556e-4299-aa5d-9b757280b557" />
      <TestMethod codeBase="C:/Users/joe/Documents/Visual Studio 2010/Projects/KPFF_C#/KPFF_Csharp_Converted/PMP.Test/bin/Debug/PMP.Test.DLL" adapterTypeName="Microsoft.VisualStudio.TestTools.TestTypes.Unit.UnitTestAdapter, Microsoft.VisualStudio.QualityTools.Tips.UnitTest.Adapter, Version=10.0.0.0, Culture=neutral, PublicKeyToken=b03f5f7f11d50a3a" className="PMP.Test.EngineerGroupsTest, PMP.Test, Version=1.0.0.0, Culture=neutral, PublicKeyToken=null" name="InsertGroup" />
    </UnitTest>
  </TestDefinitions>
  <TestLists>
    <TestList name="Results Not in a List" id="8c84fa94-04c1-424b-9868-57a2d4851a1d" />
    <TestList name="All Loaded Results" id="19431567-8539-422a-85d7-44ee4e166bda" />
  </TestLists>
  <TestEntries>
    <TestEntry testId="93c942fd-2974-8c40-d1e0-4fcd4c20db1b" executionId="c1b001dc-556e-4299-aa5d-9b757280b557" testListId="8c84fa94-04c1-424b-9868-57a2d4851a1d" />
  </TestEntries>
  <Results>
    <UnitTestResult executionId="c1b001dc-556e-4299-aa5d-9b757280b557" testId="93c942fd-2974-8c40-d1e0-4fcd4c20db1b" testName="InsertGroup" computerName="AGH" duration="00:00:31.8118195" startTime="2012-01-29T10:00:55.1278121-08:00" endTime="2012-01-29T10:01:26.9396316-08:00" testType="13cdc9d9-ddb5-4fa4-a97d-d965ccfc6d4b" outcome="Aborted" testListId="8c84fa94-04c1-424b-9868-57a2d4851a1d" relativeResultsDirectory="c1b001dc-556e-4299-aa5d-9b757280b557">
    </UnitTestResult>
  </Results>
</TestRun>