<?xml version="1.0" encoding="UTF-8"?>
<TestRun id="bde3a076-b27d-4c5a-b992-7ca10fbc2591" name="joe@AGH 2012-01-29 10:18:31" runUser="AGH\joe" xmlns="http://microsoft.com/schemas/VisualStudio/TeamTest/2010">
  <TestSettings name="Local" id="e0f90ab9-fee6-4fc8-a9ad-cd5e0507f10d">
    <Description>These are default test settings for a local test run.</Description>
    <Deployment enabled="false" runDeploymentRoot="joe_AGH 2012-01-29 10_18_31">
      <DeploymentItem filename="C:\Users\joe\Documents\Visual Studio 2010\Projects\KPFF_C#\KPFF_Csharp_Converted\KPFF.Web\bin\KPFF.PMP.dll" />
    </Deployment>
    <Execution>
      <TestTypeSpecific />
      <AgentRule name="Execution Agents">
      </AgentRule>
    </Execution>
  </TestSettings>
  <Times creation="2012-01-29T10:18:31.4902326-08:00" queuing="2012-01-29T10:18:33.5553507-08:00" start="2012-01-29T10:18:33.7593624-08:00" finish="2012-01-29T10:18:59.9128583-08:00" />
  <ResultSummary outcome="Completed">
    <Counters total="1" executed="1" passed="1" error="0" failed="0" timeout="0" aborted="0" inconclusive="0" passedButRunAborted="0" notRunnable="0" notExecuted="0" disconnected="0" warning="0" completed="0" inProgress="0" pending="0" />
  </ResultSummary>
  <TestDefinitions>
    <UnitTest name="DeactivateMember" storage="c:\users\joe\documents\visual studio 2010\projects\kpff_c#\kpff_csharp_converted\pmp.test\bin\debug\pmp.test.dll" id="0db3dfab-6d4d-63fe-3747-3d3c89ce1239">
      <Execution id="ff5c0c0c-855c-4a50-9a8f-3b086e4e402a" />
      <TestMethod codeBase="C:/Users/joe/Documents/Visual Studio 2010/Projects/KPFF_C#/KPFF_Csharp_Converted/PMP.Test/bin/Debug/PMP.Test.DLL" adapterTypeName="Microsoft.VisualStudio.TestTools.TestTypes.Unit.UnitTestAdapter, Microsoft.VisualStudio.QualityTools.Tips.UnitTest.Adapter, Version=10.0.0.0, Culture=neutral, PublicKeyToken=b03f5f7f11d50a3a" className="PMP.Test.EngineerGroupsTest, PMP.Test, Version=1.0.0.0, Culture=neutral, PublicKeyToken=null" name="DeactivateMember" />
    </UnitTest>
  </TestDefinitions>
  <TestLists>
    <TestList name="Results Not in a List" id="8c84fa94-04c1-424b-9868-57a2d4851a1d" />
    <TestList name="All Loaded Results" id="19431567-8539-422a-85d7-44ee4e166bda" />
  </TestLists>
  <TestEntries>
    <TestEntry testId="0db3dfab-6d4d-63fe-3747-3d3c89ce1239" executionId="ff5c0c0c-855c-4a50-9a8f-3b086e4e402a" testListId="8c84fa94-04c1-424b-9868-57a2d4851a1d" />
  </TestEntries>
  <Results>
    <UnitTestResult executionId="ff5c0c0c-855c-4a50-9a8f-3b086e4e402a" testId="0db3dfab-6d4d-63fe-3747-3d3c89ce1239" testName="DeactivateMember" computerName="AGH" duration="00:00:23.7426202" startTime="2012-01-29T10:18:33.9543735-08:00" endTime="2012-01-29T10:18:59.8148527-08:00" testType="13cdc9d9-ddb5-4fa4-a97d-d965ccfc6d4b" outcome="Passed" testListId="8c84fa94-04c1-424b-9868-57a2d4851a1d" relativeResultsDirectory="ff5c0c0c-855c-4a50-9a8f-3b086e4e402a">
    </UnitTestResult>
  </Results>
</TestRun>