<?xml version="1.0" encoding="UTF-8"?>
<TestRun id="0cc1fe35-fba8-475f-9acd-f7158a3f3162" name="joe@AGH 2012-01-29 10:16:17" runUser="AGH\joe" xmlns="http://microsoft.com/schemas/VisualStudio/TeamTest/2010">
  <TestSettings name="Local" id="e0f90ab9-fee6-4fc8-a9ad-cd5e0507f10d">
    <Description>These are default test settings for a local test run.</Description>
    <Deployment enabled="false" runDeploymentRoot="joe_AGH 2012-01-29 10_16_17">
      <DeploymentItem filename="C:\Users\joe\Documents\Visual Studio 2010\Projects\KPFF_C#\KPFF_Csharp_Converted\KPFF.Web\bin\KPFF.PMP.dll" />
    </Deployment>
    <Execution>
      <TestTypeSpecific />
      <AgentRule name="Execution Agents">
      </AgentRule>
    </Execution>
  </TestSettings>
  <Times creation="2012-01-29T10:16:17.8085864-08:00" queuing="2012-01-29T10:16:19.7616981-08:00" start="2012-01-29T10:16:19.9667099-08:00" finish="2012-01-29T10:16:45.6101766-08:00" />
  <ResultSummary outcome="Failed">
    <Counters total="1" executed="1" error="0" failed="1" timeout="0" aborted="0" inconclusive="0" passedButRunAborted="0" notRunnable="0" notExecuted="0" disconnected="0" warning="0" passed="0" completed="0" inProgress="0" pending="0" />
  </ResultSummary>
  <TestDefinitions>
    <UnitTest name="DeactivateMember" storage="c:\users\joe\documents\visual studio 2010\projects\kpff_c#\kpff_csharp_converted\pmp.test\bin\debug\pmp.test.dll" id="0db3dfab-6d4d-63fe-3747-3d3c89ce1239">
      <Execution id="b4364824-027f-4bb9-9384-d555f3eef9eb" />
      <TestMethod codeBase="C:/Users/joe/Documents/Visual Studio 2010/Projects/KPFF_C#/KPFF_Csharp_Converted/PMP.Test/bin/Debug/PMP.Test.DLL" adapterTypeName="Microsoft.VisualStudio.TestTools.TestTypes.Unit.UnitTestAdapter, Microsoft.VisualStudio.QualityTools.Tips.UnitTest.Adapter, Version=10.0.0.0, Culture=neutral, PublicKeyToken=b03f5f7f11d50a3a" className="PMP.Test.EngineerGroupsTest, PMP.Test, Version=1.0.0.0, Culture=neutral, PublicKeyToken=null" name="DeactivateMember" />
    </UnitTest>
  </TestDefinitions>
  <TestLists>
    <TestList name="Results Not in a List" id="8c84fa94-04c1-424b-9868-57a2d4851a1d" />
    <TestList name="All Loaded Results" id="19431567-8539-422a-85d7-44ee4e166bda" />
  </TestLists>
  <TestEntries>
    <TestEntry testId="0db3dfab-6d4d-63fe-3747-3d3c89ce1239" executionId="b4364824-027f-4bb9-9384-d555f3eef9eb" testListId="8c84fa94-04c1-424b-9868-57a2d4851a1d" />
  </TestEntries>
  <Results>
    <UnitTestResult executionId="b4364824-027f-4bb9-9384-d555f3eef9eb" testId="0db3dfab-6d4d-63fe-3747-3d3c89ce1239" testName="DeactivateMember" computerName="AGH" duration="00:00:23.1176288" startTime="2012-01-29T10:16:20.1607210-08:00" endTime="2012-01-29T10:16:45.4721687-08:00" testType="13cdc9d9-ddb5-4fa4-a97d-d965ccfc6d4b" outcome="Failed" testListId="8c84fa94-04c1-424b-9868-57a2d4851a1d" relativeResultsDirectory="b4364824-027f-4bb9-9384-d555f3eef9eb">
      <Output>
        <ErrorInfo>
          <Message>Test method PMP.Test.EngineerGroupsTest.DeactivateMember threw exception: 
System.IndexOutOfRangeException: Active</Message>
          <StackTrace>    at System.Data.ProviderBase.FieldNameLookup.GetOrdinal(String fieldName)
   at System.Data.SqlClient.SqlDataReader.GetOrdinal(String name)
   at KPFF.PMP.Entities.ExtensionMethods.GetValueOrDefault[T](SqlDataReader reader, String name) in C:\Users\joe\Documents\Visual Studio 2010\Projects\KPFF_C#\KPFF_Csharp_Converted\KPFF.Web\Entities\DABase.cs:line 169
   at KPFF.PMP.Entities.EngineerGroupMember.GetByGroupId(Int32 groupId) in C:\Users\joe\Documents\Visual Studio 2010\Projects\KPFF_C#\KPFF_Csharp_Converted\KPFF.Web\Entities\EngineerGroup.cs:line 39
   at KPFF.PMP.Entities.EngineerGroup.GetById(Int32 groupId) in C:\Users\joe\Documents\Visual Studio 2010\Projects\KPFF_C#\KPFF_Csharp_Converted\KPFF.Web\Entities\EngineerGroup.cs:line 134
   at PMP.Test.EngineerGroupsTest.DeactivateMember() in C:\Users\joe\Documents\Visual Studio 2010\Projects\KPFF_C#\KPFF_Csharp_Converted\PMP.Test\EngineerGroupsTest.cs:line 75
</StackTrace>
        </ErrorInfo>
      </Output>
    </UnitTestResult>
  </Results>
</TestRun>