<?xml version="1.0" encoding="UTF-8"?>
<TestRun id="2cf4fbb6-a40b-4549-9b4d-916fca97772d" name="joe@AGH 2012-01-29 09:34:02" runUser="AGH\joe" xmlns="http://microsoft.com/schemas/VisualStudio/TeamTest/2010">
  <TestSettings name="Local" id="e0f90ab9-fee6-4fc8-a9ad-cd5e0507f10d">
    <Description>These are default test settings for a local test run.</Description>
    <Deployment enabled="false" runDeploymentRoot="joe_AGH 2012-01-29 09_34_02">
      <DeploymentItem filename="C:\Users\joe\Documents\Visual Studio 2010\Projects\KPFF_C#\KPFF_Csharp_Converted\KPFF.Web\bin\KPFF.PMP.dll" />
    </Deployment>
    <Execution>
      <TestTypeSpecific />
      <AgentRule name="Execution Agents">
      </AgentRule>
    </Execution>
  </TestSettings>
  <Times creation="2012-01-29T09:34:02.5785796-08:00" queuing="2012-01-29T09:34:05.0847229-08:00" start="2012-01-29T09:34:05.2967350-08:00" finish="2012-01-29T09:34:06.5878089-08:00" />
  <ResultSummary outcome="Failed">
    <Counters total="1" executed="1" error="0" failed="1" timeout="0" aborted="0" inconclusive="0" passedButRunAborted="0" notRunnable="0" notExecuted="0" disconnected="0" warning="0" passed="0" completed="0" inProgress="0" pending="0" />
  </ResultSummary>
  <TestDefinitions>
    <UnitTest name="GetAllGroups" storage="c:\users\joe\documents\visual studio 2010\projects\kpff_c#\kpff_csharp_converted\pmp.test\bin\debug\pmp.test.dll" id="4d08a8dc-3be8-e89d-e584-3d469ba83eb0">
      <Execution id="a2f0d3d0-cf77-4ddc-bbdd-53641ccec5f3" />
      <TestMethod codeBase="C:/Users/joe/Documents/Visual Studio 2010/Projects/KPFF_C#/KPFF_Csharp_Converted/PMP.Test/bin/Debug/PMP.Test.DLL" adapterTypeName="Microsoft.VisualStudio.TestTools.TestTypes.Unit.UnitTestAdapter, Microsoft.VisualStudio.QualityTools.Tips.UnitTest.Adapter, Version=10.0.0.0, Culture=neutral, PublicKeyToken=b03f5f7f11d50a3a" className="PMP.Test.EngineerGroupsTest, PMP.Test, Version=1.0.0.0, Culture=neutral, PublicKeyToken=null" name="GetAllGroups" />
    </UnitTest>
  </TestDefinitions>
  <TestLists>
    <TestList name="Results Not in a List" id="8c84fa94-04c1-424b-9868-57a2d4851a1d" />
    <TestList name="All Loaded Results" id="19431567-8539-422a-85d7-44ee4e166bda" />
  </TestLists>
  <TestEntries>
    <TestEntry testId="4d08a8dc-3be8-e89d-e584-3d469ba83eb0" executionId="a2f0d3d0-cf77-4ddc-bbdd-53641ccec5f3" testListId="8c84fa94-04c1-424b-9868-57a2d4851a1d" />
  </TestEntries>
  <Results>
    <UnitTestResult executionId="a2f0d3d0-cf77-4ddc-bbdd-53641ccec5f3" testId="4d08a8dc-3be8-e89d-e584-3d469ba83eb0" testName="GetAllGroups" computerName="AGH" duration="00:00:00.2935387" startTime="2012-01-29T09:34:05.4107416-08:00" endTime="2012-01-29T09:34:06.4688021-08:00" testType="13cdc9d9-ddb5-4fa4-a97d-d965ccfc6d4b" outcome="Failed" testListId="8c84fa94-04c1-424b-9868-57a2d4851a1d" relativeResultsDirectory="a2f0d3d0-cf77-4ddc-bbdd-53641ccec5f3">
      <Output>
        <ErrorInfo>
          <Message>Test method PMP.Test.EngineerGroupsTest.GetAllGroups threw exception: 
System.InvalidOperationException: The ConnectionString property has not been initialized.</Message>
          <StackTrace>    at System.Data.SqlClient.SqlConnection.PermissionDemand()
   at System.Data.SqlClient.SqlConnectionFactory.PermissionDemand(DbConnection outerConnection)
   at System.Data.ProviderBase.DbConnectionClosed.OpenConnection(DbConnection outerConnection, DbConnectionFactory connectionFactory)
   at System.Data.SqlClient.SqlConnection.Open()
   at KPFF.PMP.Entities.EngineerGroup.GetAllGroups() in C:\Users\joe\Documents\Visual Studio 2010\Projects\KPFF_C#\KPFF_Csharp_Converted\KPFF.Web\Entities\EngineerGroup.cs:line 54
   at PMP.Test.EngineerGroupsTest.GetAllGroups() in C:\Users\joe\Documents\Visual Studio 2010\Projects\KPFF_C#\KPFF_Csharp_Converted\PMP.Test\EngineerGroupsTest.cs:line 15
</StackTrace>
        </ErrorInfo>
      </Output>
    </UnitTestResult>
  </Results>
</TestRun>