<?xml version="1.0" encoding="UTF-8"?>
<TestRun id="c267a460-2520-476b-b45e-03c1354f0c30" name="joe@AGH 2012-01-29 10:09:09" runUser="AGH\joe" xmlns="http://microsoft.com/schemas/VisualStudio/TeamTest/2010">
  <TestSettings name="Local" id="e0f90ab9-fee6-4fc8-a9ad-cd5e0507f10d">
    <Description>These are default test settings for a local test run.</Description>
    <Deployment enabled="false" runDeploymentRoot="joe_AGH 2012-01-29 10_09_09">
      <DeploymentItem filename="C:\Users\joe\Documents\Visual Studio 2010\Projects\KPFF_C#\KPFF_Csharp_Converted\KPFF.Web\bin\KPFF.PMP.dll" />
    </Deployment>
    <Execution>
      <TestTypeSpecific />
      <AgentRule name="Execution Agents">
      </AgentRule>
    </Execution>
  </TestSettings>
  <Times creation="2012-01-29T10:09:09.8921110-08:00" queuing="2012-01-29T10:09:10.4771445-08:00" start="2012-01-29T10:09:10.7071576-08:00" finish="2012-01-29T10:09:12.9472858-08:00" />
  <ResultSummary outcome="Completed">
    <Counters total="1" executed="1" passed="1" error="0" failed="0" timeout="0" aborted="0" inconclusive="0" passedButRunAborted="0" notRunnable="0" notExecuted="0" disconnected="0" warning="0" completed="0" inProgress="0" pending="0" />
  </ResultSummary>
  <TestDefinitions>
    <UnitTest name="AddMember" storage="c:\users\joe\documents\visual studio 2010\projects\kpff_c#\kpff_csharp_converted\pmp.test\bin\debug\pmp.test.dll" id="059d6059-f9c3-9c2b-0460-3c8d6bfda719">
      <Execution id="a594a647-92f5-4022-a99b-eb029f98828f" />
      <TestMethod codeBase="C:/Users/joe/Documents/Visual Studio 2010/Projects/KPFF_C#/KPFF_Csharp_Converted/PMP.Test/bin/Debug/PMP.Test.DLL" adapterTypeName="Microsoft.VisualStudio.TestTools.TestTypes.Unit.UnitTestAdapter, Microsoft.VisualStudio.QualityTools.Tips.UnitTest.Adapter, Version=10.0.0.0, Culture=neutral, PublicKeyToken=b03f5f7f11d50a3a" className="PMP.Test.EngineerGroupsTest, PMP.Test, Version=1.0.0.0, Culture=neutral, PublicKeyToken=null" name="AddMember" />
    </UnitTest>
  </TestDefinitions>
  <TestLists>
    <TestList name="Results Not in a List" id="8c84fa94-04c1-424b-9868-57a2d4851a1d" />
    <TestList name="All Loaded Results" id="19431567-8539-422a-85d7-44ee4e166bda" />
  </TestLists>
  <TestEntries>
    <TestEntry testId="059d6059-f9c3-9c2b-0460-3c8d6bfda719" executionId="a594a647-92f5-4022-a99b-eb029f98828f" testListId="8c84fa94-04c1-424b-9868-57a2d4851a1d" />
  </TestEntries>
  <Results>
    <UnitTestResult executionId="a594a647-92f5-4022-a99b-eb029f98828f" testId="059d6059-f9c3-9c2b-0460-3c8d6bfda719" testName="AddMember" computerName="AGH" duration="00:00:00.1740021" startTime="2012-01-29T10:09:10.8501658-08:00" endTime="2012-01-29T10:09:11.4131980-08:00" testType="13cdc9d9-ddb5-4fa4-a97d-d965ccfc6d4b" outcome="Passed" testListId="8c84fa94-04c1-424b-9868-57a2d4851a1d" relativeResultsDirectory="a594a647-92f5-4022-a99b-eb029f98828f">
    </UnitTestResult>
  </Results>
</TestRun>